<?xml version="1.0" encoding="UTF-8"?>
<!-- Generated by org.testng.reporters.JUnitReportReporter -->
<testsuite hostname="DESKTOP-M54GVRF" failures="0" tests="5" name="automationTestSuite.AutomationTests" time="87.258" errors="0" timestamp="2022-05-18T18:42:06 NZST" skipped="0">
  <testcase classname="automationTestSuite.AutomationTests" name="VerifyUserCanRegister" time="9.331"/>
  <system-out/>
  <testcase classname="automationTestSuite.AutomationTests" name="VerifyUserCanLogin" time="8.428"/>
  <system-out/>
  <testcase classname="automationTestSuite.AutomationTests" name="VerifyUserCanUpdateProfile" time="24.980"/>
  <system-out/>
  <testcase classname="automationTestSuite.AutomationTests" name="VerifyUserIsAbleToVoteAndComment" time="25.619"/>
  <system-out/>
  <testcase classname="automationTestSuite.AutomationTests" name="ViewPopularMakeandModel" time="18.900"/>
  <system-out/>
</testsuite> <!-- automationTestSuite.AutomationTests -->
